[22:00:25] [ServerMain/INFO]: Environment: Environment[sessionHost=https://sessionserver.mojang.com, servicesHost=https://api.minecraftservices.com, name=PROD]
[22:00:26] [ServerMain/INFO]: Loaded 1290 recipes
[22:00:27] [Server thread/INFO]: Starting minecraft server version 1.21
[22:00:27] [Server thread/INFO]: Loading properties
[22:00:27] [Server thread/INFO]: This server is running CraftBukkit version 4226-Spigot-146439e-2889b3a (MC: 1.21) (Implementing API version 1.21-R0.1-SNAPSHOT)
[22:00:28] [Server thread/INFO]: Debug logging is disabled
[22:00:28] [Server thread/INFO]: Using 4 threads for Netty based IO
[22:00:28] [Server thread/INFO]: Server Ping Player Sample Count: 12
[22:00:28] [Server thread/INFO]: Default game type: SURVIVAL
[22:00:28] [Server thread/INFO]: Generating keypair
[22:00:28] [Server thread/INFO]: Starting Minecraft server on *:25565
[22:00:28] [Server thread/INFO]: Using default channel type
[22:00:28] [Server thread/ERROR]: Could not load 'plugins\melon-island-plugin.jar'
org.bukkit.plugin.InvalidDescriptionException: Invalid plugin.yml
	at org.bukkit.plugin.java.JavaPluginLoader.getPluginDescription(JavaPluginLoader.java:170) ~[spigot-api-1.21-R0.1-SNAPSHOT.jar:?]
	at org.bukkit.plugin.SimplePluginManager.loadPlugins(SimplePluginManager.java:158) ~[spigot-api-1.21-R0.1-SNAPSHOT.jar:?]
	at org.bukkit.plugin.SimplePluginManager.loadPlugins(SimplePluginManager.java:122) ~[spigot-api-1.21-R0.1-SNAPSHOT.jar:?]
	at org.bukkit.craftbukkit.v1_21_R1.CraftServer.loadPlugins(CraftServer.java:456) ~[spigot-1.21-R0.1-SNAPSHOT.jar:4226-Spigot-146439e-2889b3a]
	at net.minecraft.server.dedicated.DedicatedServer.e(DedicatedServer.java:236) ~[spigot-1.21-R0.1-SNAPSHOT.jar:4226-Spigot-146439e-2889b3a]
	at net.minecraft.server.MinecraftServer.y(MinecraftServer.java:1017) ~[spigot-1.21-R0.1-SNAPSHOT.jar:4226-Spigot-146439e-2889b3a]
	at net.minecraft.server.MinecraftServer.lambda$spin$0(MinecraftServer.java:318) ~[spigot-1.21-R0.1-SNAPSHOT.jar:4226-Spigot-146439e-2889b3a]
	at java.base/java.lang.Thread.run(Thread.java:1583) [?:?]
Caused by: java.io.FileNotFoundException: Jar does not contain plugin.yml
	... 8 more
[22:00:28] [Server thread/WARN]: **** SERVER IS RUNNING IN OFFLINE/INSECURE MODE!
[22:00:28] [Server thread/WARN]: The server will make no attempt to authenticate usernames. Beware.
[22:00:28] [Server thread/WARN]: While this makes the game possible to play without internet access, it also opens up the ability for hackers to connect with any username they choose.
[22:00:28] [Server thread/WARN]: To change this, set "online-mode" to "true" in the server.properties file.
[22:00:28] [Server thread/INFO]: Preparing level "world"
[22:00:28] [Server thread/INFO]: -------- World Settings For [world] --------
[22:00:28] [Server thread/INFO]: Allow Zombie Pigmen to spawn from portal blocks: true
[22:00:28] [Server thread/INFO]: Item Despawn Rate: 6000
[22:00:28] [Server thread/INFO]: Simulation Distance: 10
[22:00:28] [Server thread/INFO]: View Distance: 10
[22:00:28] [Server thread/INFO]: Item Merge Radius: 2.5
[22:00:28] [Server thread/INFO]: Arrow Despawn Rate: 1200 Trident Respawn Rate:1200
[22:00:28] [Server thread/INFO]: Zombie Aggressive Towards Villager: true
[22:00:28] [Server thread/INFO]: Nerfing mobs spawned from spawners: false
[22:00:28] [Server thread/INFO]: Hopper Transfer: 8 Hopper Check: 1 Hopper Amount: 1 Hopper Can Load Chunks: false
[22:00:28] [Server thread/INFO]: Experience Merge Radius: 3.0
[22:00:28] [Server thread/INFO]: Mob Spawn Range: 6
[22:00:28] [Server thread/INFO]: Custom Map Seeds:  Village: 10387312 Desert: 14357617 Igloo: 14357618 Jungle: 14357619 Swamp: 14357620 Monument: 10387313 Ocean: 14357621 Shipwreck: 165745295 End City: 10387313 Slime: 987234911 Nether: 30084232 Mansion: 10387319 Fossil: 14357921 Portal: 34222645
[22:00:28] [Server thread/INFO]: Tile Max Tick Time: 50ms Entity max Tick Time: 50ms
[22:00:28] [Server thread/INFO]: Entity Tracking Range: Pl 48 / An 48 / Mo 48 / Mi 32 / Di 128 / Other 64
[22:00:28] [Server thread/INFO]: Cactus Growth Modifier: 100%
[22:00:28] [Server thread/INFO]: Cane Growth Modifier: 100%
[22:00:28] [Server thread/INFO]: Melon Growth Modifier: 100%
[22:00:28] [Server thread/INFO]: Mushroom Growth Modifier: 100%
[22:00:28] [Server thread/INFO]: Pumpkin Growth Modifier: 100%
[22:00:28] [Server thread/INFO]: Sapling Growth Modifier: 100%
[22:00:28] [Server thread/INFO]: Beetroot Growth Modifier: 100%
[22:00:28] [Server thread/INFO]: Carrot Growth Modifier: 100%
[22:00:28] [Server thread/INFO]: Potato Growth Modifier: 100%
[22:00:28] [Server thread/INFO]: Wheat Growth Modifier: 100%
[22:00:28] [Server thread/INFO]: NetherWart Growth Modifier: 100%
[22:00:28] [Server thread/INFO]: Vine Growth Modifier: 100%
[22:00:28] [Server thread/INFO]: Cocoa Growth Modifier: 100%
[22:00:28] [Server thread/INFO]: Bamboo Growth Modifier: 100%
[22:00:28] [Server thread/INFO]: SweetBerry Growth Modifier: 100%
[22:00:28] [Server thread/INFO]: Kelp Growth Modifier: 100%
[22:00:28] [Server thread/INFO]: TwistingVines Growth Modifier: 100%
[22:00:28] [Server thread/INFO]: WeepingVines Growth Modifier: 100%
[22:00:28] [Server thread/INFO]: CaveVines Growth Modifier: 100%
[22:00:28] [Server thread/INFO]: Max TNT Explosions: 100
[22:00:28] [Server thread/INFO]: Entity Activation Range: An 32 / Mo 32 / Ra 48 / Mi 16 / Tiv true / Isa false
[22:00:28] [Server thread/INFO]: -------- World Settings For [world_nether] --------
[22:00:28] [Server thread/INFO]: Allow Zombie Pigmen to spawn from portal blocks: true
[22:00:28] [Server thread/INFO]: Item Despawn Rate: 6000
[22:00:28] [Server thread/INFO]: Simulation Distance: 10
[22:00:28] [Server thread/INFO]: View Distance: 10
[22:00:28] [Server thread/INFO]: Item Merge Radius: 2.5
[22:00:28] [Server thread/INFO]: Arrow Despawn Rate: 1200 Trident Respawn Rate:1200
[22:00:28] [Server thread/INFO]: Zombie Aggressive Towards Villager: true
[22:00:28] [Server thread/INFO]: Nerfing mobs spawned from spawners: false
[22:00:28] [Server thread/INFO]: Hopper Transfer: 8 Hopper Check: 1 Hopper Amount: 1 Hopper Can Load Chunks: false
[22:00:28] [Server thread/INFO]: Experience Merge Radius: 3.0
[22:00:28] [Server thread/INFO]: Mob Spawn Range: 6
[22:00:28] [Server thread/INFO]: Custom Map Seeds:  Village: 10387312 Desert: 14357617 Igloo: 14357618 Jungle: 14357619 Swamp: 14357620 Monument: 10387313 Ocean: 14357621 Shipwreck: 165745295 End City: 10387313 Slime: 987234911 Nether: 30084232 Mansion: 10387319 Fossil: 14357921 Portal: 34222645
[22:00:28] [Server thread/INFO]: Tile Max Tick Time: 50ms Entity max Tick Time: 50ms
[22:00:28] [Server thread/INFO]: Entity Tracking Range: Pl 48 / An 48 / Mo 48 / Mi 32 / Di 128 / Other 64
[22:00:28] [Server thread/INFO]: Cactus Growth Modifier: 100%
[22:00:28] [Server thread/INFO]: Cane Growth Modifier: 100%
[22:00:28] [Server thread/INFO]: Melon Growth Modifier: 100%
[22:00:28] [Server thread/INFO]: Mushroom Growth Modifier: 100%
[22:00:28] [Server thread/INFO]: Pumpkin Growth Modifier: 100%
[22:00:28] [Server thread/INFO]: Sapling Growth Modifier: 100%
[22:00:28] [Server thread/INFO]: Beetroot Growth Modifier: 100%
[22:00:28] [Server thread/INFO]: Carrot Growth Modifier: 100%
[22:00:28] [Server thread/INFO]: Potato Growth Modifier: 100%
[22:00:28] [Server thread/INFO]: Wheat Growth Modifier: 100%
[22:00:28] [Server thread/INFO]: NetherWart Growth Modifier: 100%
[22:00:28] [Server thread/INFO]: Vine Growth Modifier: 100%
[22:00:28] [Server thread/INFO]: Cocoa Growth Modifier: 100%
[22:00:28] [Server thread/INFO]: Bamboo Growth Modifier: 100%
[22:00:28] [Server thread/INFO]: SweetBerry Growth Modifier: 100%
[22:00:28] [Server thread/INFO]: Kelp Growth Modifier: 100%
[22:00:28] [Server thread/INFO]: TwistingVines Growth Modifier: 100%
[22:00:28] [Server thread/INFO]: WeepingVines Growth Modifier: 100%
[22:00:28] [Server thread/INFO]: CaveVines Growth Modifier: 100%
[22:00:28] [Server thread/INFO]: Max TNT Explosions: 100
[22:00:28] [Server thread/INFO]: Entity Activation Range: An 32 / Mo 32 / Ra 48 / Mi 16 / Tiv true / Isa false
[22:00:29] [Server thread/INFO]: -------- World Settings For [world_the_end] --------
[22:00:29] [Server thread/INFO]: Allow Zombie Pigmen to spawn from portal blocks: true
[22:00:29] [Server thread/INFO]: Item Despawn Rate: 6000
[22:00:29] [Server thread/INFO]: Simulation Distance: 10
[22:00:29] [Server thread/INFO]: View Distance: 10
[22:00:29] [Server thread/INFO]: Item Merge Radius: 2.5
[22:00:29] [Server thread/INFO]: Arrow Despawn Rate: 1200 Trident Respawn Rate:1200
[22:00:29] [Server thread/INFO]: Zombie Aggressive Towards Villager: true
[22:00:29] [Server thread/INFO]: Nerfing mobs spawned from spawners: false
[22:00:29] [Server thread/INFO]: Hopper Transfer: 8 Hopper Check: 1 Hopper Amount: 1 Hopper Can Load Chunks: false
[22:00:29] [Server thread/INFO]: Experience Merge Radius: 3.0
[22:00:29] [Server thread/INFO]: Mob Spawn Range: 6
[22:00:29] [Server thread/INFO]: Custom Map Seeds:  Village: 10387312 Desert: 14357617 Igloo: 14357618 Jungle: 14357619 Swamp: 14357620 Monument: 10387313 Ocean: 14357621 Shipwreck: 165745295 End City: 10387313 Slime: 987234911 Nether: 30084232 Mansion: 10387319 Fossil: 14357921 Portal: 34222645
[22:00:29] [Server thread/INFO]: Tile Max Tick Time: 50ms Entity max Tick Time: 50ms
[22:00:29] [Server thread/INFO]: Entity Tracking Range: Pl 48 / An 48 / Mo 48 / Mi 32 / Di 128 / Other 64
[22:00:29] [Server thread/INFO]: Cactus Growth Modifier: 100%
[22:00:29] [Server thread/INFO]: Cane Growth Modifier: 100%
[22:00:29] [Server thread/INFO]: Melon Growth Modifier: 100%
[22:00:29] [Server thread/INFO]: Mushroom Growth Modifier: 100%
[22:00:29] [Server thread/INFO]: Pumpkin Growth Modifier: 100%
[22:00:29] [Server thread/INFO]: Sapling Growth Modifier: 100%
[22:00:29] [Server thread/INFO]: Beetroot Growth Modifier: 100%
[22:00:29] [Server thread/INFO]: Carrot Growth Modifier: 100%
[22:00:29] [Server thread/INFO]: Potato Growth Modifier: 100%
[22:00:29] [Server thread/INFO]: Wheat Growth Modifier: 100%
[22:00:29] [Server thread/INFO]: NetherWart Growth Modifier: 100%
[22:00:29] [Server thread/INFO]: Vine Growth Modifier: 100%
[22:00:29] [Server thread/INFO]: Cocoa Growth Modifier: 100%
[22:00:29] [Server thread/INFO]: Bamboo Growth Modifier: 100%
[22:00:29] [Server thread/INFO]: SweetBerry Growth Modifier: 100%
[22:00:29] [Server thread/INFO]: Kelp Growth Modifier: 100%
[22:00:29] [Server thread/INFO]: TwistingVines Growth Modifier: 100%
[22:00:29] [Server thread/INFO]: WeepingVines Growth Modifier: 100%
[22:00:29] [Server thread/INFO]: CaveVines Growth Modifier: 100%
[22:00:29] [Server thread/INFO]: Max TNT Explosions: 100
[22:00:29] [Server thread/INFO]: Entity Activation Range: An 32 / Mo 32 / Ra 48 / Mi 16 / Tiv true / Isa false
[22:00:29] [Server thread/INFO]: Preparing start region for dimension minecraft:overworld
[22:00:29] [Worker-Main-7/INFO]: Preparing spawn area: 0%
[22:00:30] [Worker-Main-1/INFO]: Preparing spawn area: 51%
[22:00:30] [Worker-Main-6/INFO]: Preparing spawn area: 51%
[22:00:30] [Worker-Main-2/INFO]: Preparing spawn area: 51%
[22:00:31] [Worker-Main-3/INFO]: Preparing spawn area: 51%
[22:00:31] [Worker-Main-3/INFO]: Preparing spawn area: 51%
[22:00:32] [Server thread/INFO]: Time elapsed: 2898 ms
[22:00:32] [Server thread/INFO]: Preparing start region for dimension minecraft:the_nether
[22:00:32] [Worker-Main-3/INFO]: Preparing spawn area: 0%
[22:00:32] [Worker-Main-8/INFO]: Preparing spawn area: 51%
[22:00:33] [Worker-Main-11/INFO]: Preparing spawn area: 51%
[22:00:33] [Server thread/INFO]: Time elapsed: 1331 ms
[22:00:33] [Server thread/INFO]: Preparing start region for dimension minecraft:the_end
[22:00:33] [Worker-Main-4/INFO]: Preparing spawn area: 0%
[22:00:33] [Server thread/INFO]: Time elapsed: 474 ms
[22:00:34] [Server thread/INFO]: Server permissions file permissions.yml is empty, ignoring it
[22:00:34] [Server thread/INFO]: Done (5.552s)! For help, type "help"
[22:01:42] [User Authenticator #1/INFO]: UUID of player T13MAX is 76333eb0-9746-3a49-a6cd-d42b2fc166e5
[22:01:43] [Server thread/INFO]: T13MAX joined the game
[22:01:43] [Server thread/INFO]: T13MAX[/127.0.0.1:26096] logged in with entity id 11 at ([world]-10.5, 66.0, 71.5)
